# JRE version: Java(TM) SE Runtime Environment (8.0_231-b11) (build 1.8.0_231-b11)
# Java VM: Java HotSpot(TM) 64-Bit Server VM (25.231-b11 mixed mode windows-amd64 compressed oops)
Heap:
 PSYoungGen      total 250880K, used 163326K [0x000000076b000000, 0x000000077bf80000, 0x00000007c0000000)
  eden space 228864K, 71% used [0x000000076b000000,0x0000000774f7f838,0x0000000778f80000)
  from space 22016K, 0% used [0x000000077aa00000,0x000000077aa00000,0x000000077bf80000)
  to   space 24576K, 0% used [0x0000000778f80000,0x0000000778f80000,0x000000077a780000)
 ParOldGen       total 162816K, used 47937K [0x00000006c1000000, 0x00000006caf00000, 0x000000076b000000)
  object space 162816K, 29% used [0x00000006c1000000,0x00000006c3ed0480,0x00000006caf00000)
 Metaspace       used 37770K, capacity 38049K, committed 38232K, reserved 1083392K
  class space    used 4865K, capacity 4929K, committed 4992K, reserved 1048576K
GC Heap History (10 events):
Event: 8.962 GC heap before
{Heap before GC invocations=6 (full 1):
 PSYoungGen      total 76288K, used 73872K [0x000000076b000000, 0x0000000773880000, 0x00000007c0000000)
  eden space 65536K, 100% used [0x000000076b000000,0x000000076f000000,0x000000076f000000)
  from space 10752K, 77% used [0x000000076fa80000,0x00000007702a4150,0x0000000770500000)
  to   space 10752K, 0% used [0x000000076f000000,0x000000076f000000,0x000000076fa80000)
 ParOldGen       total 72704K, used 17126K [0x00000006c1000000, 0x00000006c5700000, 0x000000076b000000)
  object space 72704K, 23% used [0x00000006c1000000,0x00000006c20b98a8,0x00000006c5700000)
 Metaspace       used 27276K, capacity 27454K, committed 27776K, reserved 1073152K
  class space    used 3815K, capacity 3901K, committed 3968K, reserved 1048576K
Event: 8.974 GC heap after
Heap after GC invocations=6 (full 1):
 PSYoungGen      total 76288K, used 10720K [0x000000076b000000, 0x0000000774100000, 0x00000007c0000000)
  eden space 65536K, 0% used [0x000000076b000000,0x000000076b000000,0x000000076f000000)
  from space 10752K, 99% used [0x000000076f000000,0x000000076fa78030,0x000000076fa80000)
  to   space 12288K, 0% used [0x0000000773500000,0x0000000773500000,0x0000000774100000)
 ParOldGen       total 72704K, used 18286K [0x00000006c1000000, 0x00000006c5700000, 0x000000076b000000)
  object space 72704K, 25% used [0x00000006c1000000,0x00000006c21db8b8,0x00000006c5700000)
 Metaspace       used 27276K, capacity 27454K, committed 27776K, reserved 1073152K
  class space    used 3815K, capacity 3901K, committed 3968K, reserved 1048576K
}
Event: 9.115 GC heap before
{Heap before GC invocations=7 (full 1):
 PSYoungGen      total 76288K, used 76256K [0x000000076b000000, 0x0000000774100000, 0x00000007c0000000)
  eden space 65536K, 100% used [0x000000076b000000,0x000000076f000000,0x000000076f000000)
  from space 10752K, 99% used [0x000000076f000000,0x000000076fa78030,0x000000076fa80000)
  to   space 12288K, 0% used [0x0000000773500000,0x0000000773500000,0x0000000774100000)
 ParOldGen       total 72704K, used 18286K [0x00000006c1000000, 0x00000006c5700000, 0x000000076b000000)
  object space 72704K, 25% used [0x00000006c1000000,0x00000006c21db8b8,0x00000006c5700000)
 Metaspace       used 27288K, capacity 27454K, committed 27776K, reserved 1073152K
  class space    used 3816K, capacity 3901K, committed 3968K, reserved 1048576K
Event: 9.135 GC heap after
Heap after GC invocations=7 (full 1):
 PSYoungGen      total 132608K, used 12256K [0x000000076b000000, 0x0000000774b00000, 0x00000007c0000000)
  eden space 120320K, 0% used [0x000000076b000000,0x000000076b000000,0x0000000772580000)
  from space 12288K, 99% used [0x0000000773500000,0x00000007740f8030,0x0000000774100000)
  to   space 15872K, 0% used [0x0000000772580000,0x0000000772580000,0x0000000773500000)
 ParOldGen       total 72704K, used 21981K [0x00000006c1000000, 0x00000006c5700000, 0x000000076b000000)
  object space 72704K, 30% used [0x00000006c1000000,0x00000006c25775d8,0x00000006c5700000)
 Metaspace       used 27288K, capacity 27454K, committed 27776K, reserved 1073152K
  class space    used 3816K, capacity 3901K, committed 3968K, reserved 1048576K
}
Event: 10.933 GC heap before
{Heap before GC invocations=8 (full 1):
 PSYoungGen      total 132608K, used 132576K [0x000000076b000000, 0x0000000774b00000, 0x00000007c0000000)
  eden space 120320K, 100% used [0x000000076b000000,0x0000000772580000,0x0000000772580000)
  from space 12288K, 99% used [0x0000000773500000,0x00000007740f8030,0x0000000774100000)
  to   space 15872K, 0% used [0x0000000772580000,0x0000000772580000,0x0000000773500000)
 ParOldGen       total 72704K, used 21981K [0x00000006c1000000, 0x00000006c5700000, 0x000000076b000000)
  object space 72704K, 30% used [0x00000006c1000000,0x00000006c25775d8,0x00000006c5700000)
 Metaspace       used 32072K, capacity 32284K, committed 32384K, reserved 1077248K
  class space    used 4337K, capacity 4408K, committed 4480K, reserved 1048576K
Event: 10.958 GC heap after
Heap after GC invocations=8 (full 1):
 PSYoungGen      total 136192K, used 15850K [0x000000076b000000, 0x000000077c280000, 0x00000007c0000000)
  eden space 120320K, 0% used [0x000000076b000000,0x000000076b000000,0x0000000772580000)
  from space 15872K, 99% used [0x0000000772580000,0x00000007734fa860,0x0000000773500000)
  to   space 25088K, 0% used [0x000000077aa00000,0x000000077aa00000,0x000000077c280000)
 ParOldGen       total 72704K, used 35271K [0x00000006c1000000, 0x00000006c5700000, 0x000000076b000000)
  object space 72704K, 48% used [0x00000006c1000000,0x00000006c3271d20,0x00000006c5700000)
 Metaspace       used 32072K, capacity 32284K, committed 32384K, reserved 1077248K
  class space    used 4337K, capacity 4408K, committed 4480K, reserved 1048576K
}
Event: 12.421 GC heap before
{Heap before GC invocations=9 (full 1):
 PSYoungGen      total 136192K, used 129666K [0x000000076b000000, 0x000000077c280000, 0x00000007c0000000)
  eden space 120320K, 94% used [0x000000076b000000,0x0000000771f26078,0x0000000772580000)
  from space 15872K, 99% used [0x0000000772580000,0x00000007734fa860,0x0000000773500000)
  to   space 25088K, 0% used [0x000000077aa00000,0x000000077aa00000,0x000000077c280000)
 ParOldGen       total 72704K, used 35271K [0x00000006c1000000, 0x00000006c5700000, 0x000000076b000000)
  object space 72704K, 48% used [0x00000006c1000000,0x00000006c3271d20,0x00000006c5700000)
 Metaspace       used 35048K, capacity 35267K, committed 35416K, reserved 1079296K
  class space    used 4577K, capacity 4666K, committed 4736K, reserved 1048576K
Event: 12.437 GC heap after
Heap after GC invocations=9 (full 1):
 PSYoungGen      total 250880K, used 13822K [0x000000076b000000, 0x000000077bf80000, 0x00000007c0000000)
  eden space 228864K, 0% used [0x000000076b000000,0x000000076b000000,0x0000000778f80000)
  from space 22016K, 62% used [0x000000077aa00000,0x000000077b77fb88,0x000000077bf80000)
  to   space 24576K, 0% used [0x0000000778f80000,0x0000000778f80000,0x000000077a780000)
 ParOldGen       total 72704K, used 39695K [0x00000006c1000000, 0x00000006c5700000, 0x000000076b000000)
  object space 72704K, 54% used [0x00000006c1000000,0x00000006c36c3d40,0x00000006c5700000)
 Metaspace       used 35048K, capacity 35267K, committed 35416K, reserved 1079296K
  class space    used 4577K, capacity 4666K, committed 4736K, reserved 1048576K
}
Event: 12.437 GC heap before
{Heap before GC invocations=10 (full 2):
 PSYoungGen      total 250880K, used 13822K [0x000000076b000000, 0x000000077bf80000, 0x00000007c0000000)
  eden space 228864K, 0% used [0x000000076b000000,0x000000076b000000,0x0000000778f80000)
  from space 22016K, 62% used [0x000000077aa00000,0x000000077b77fb88,0x000000077bf80000)
  to   space 24576K, 0% used [0x0000000778f80000,0x0000000778f80000,0x000000077a780000)
 ParOldGen       total 72704K, used 39695K [0x00000006c1000000, 0x00000006c5700000, 0x000000076b000000)
  object space 72704K, 54% used [0x00000006c1000000,0x00000006c36c3d40,0x00000006c5700000)
 Metaspace       used 35048K, capacity 35267K, committed 35416K, reserved 1079296K
  class space    used 4577K, capacity 4666K, committed 4736K, reserved 1048576K
Event: 12.971 GC heap after
Heap after GC invocations=10 (full 2):
 PSYoungGen      total 250880K, used 0K [0x000000076b000000, 0x000000077bf80000, 0x00000007c0000000)
  eden space 228864K, 0% used [0x000000076b000000,0x000000076b000000,0x0000000778f80000)
  from space 22016K, 0% used [0x000000077aa00000,0x000000077aa00000,0x000000077bf80000)
  to   space 24576K, 0% used [0x0000000778f80000,0x0000000778f80000,0x000000077a780000)
 ParOldGen       total 162816K, used 47937K [0x00000006c1000000, 0x00000006caf00000, 0x000000076b000000)
  object space 162816K, 29% used [0x00000006c1000000,0x00000006c3ed0480,0x00000006caf00000)
 Metaspace       used 35048K, capacity 35267K, committed 35416K, reserved 1079296K
  class space    used 4577K, capacity 4666K, committed 4736K, reserved 1048576K
}

